<?xml version="1.0" encoding="UTF-8"?>
<testsuite name="edu.coursera.parallel.ReciprocalArraySumTest" time="119.101" tests="4" errors="0" skipped="0" failures="2">
  <properties>
[...]
</properties>
  <testcase name="testParSimpleTwoHundredMillion" classname="edu.coursera.parallel.ReciprocalArraySumTest" time="74.436"/>
  <testcase name="testParManyTaskTwoMillion" classname="edu.coursera.parallel.ReciprocalArraySumTest" time="0.628">
    <failure message="It was expected that the many-task parallel implementation would run at least 4.800000x faster, but it only achieved 3.000000x speedup" type="junit.framework.AssertionFailedError">junit.framework.AssertionFailedError: It was expected that the many-task parallel implementation would run at least 4.800000x faster, but it only achieved 3.000000x speedup
	at junit.framework.Assert.fail(Assert.java:47)
	at junit.framework.Assert.assertTrue(Assert.java:20)
	at edu.coursera.parallel.ReciprocalArraySumTest.testParManyTaskTwoMillion(ReciprocalArraySumTest.java:143)
</failure>
  </testcase>
  <testcase name="testParManyTaskTwoHundredMillion" classname="edu.coursera.parallel.ReciprocalArraySumTest" time="43.468">
    <failure message="It was expected that the many-task parallel implementation would run at least 6.400000x faster, but it only achieved 2.372549x speedup" type="junit.framework.AssertionFailedError">junit.framework.AssertionFailedError: It was expected that the many-task parallel implementation would run at least 6.400000x faster, but it only achieved 2.372549x speedup
	at junit.framework.Assert.fail(Assert.java:47)
	at junit.framework.Assert.assertTrue(Assert.java:20)
	at edu.coursera.parallel.ReciprocalArraySumTest.testParManyTaskTwoHundredMillion(ReciprocalArraySumTest.java:155)
</failure>
  </testcase>
  <testcase name="testParSimpleTwoMillion" classname="edu.coursera.parallel.ReciprocalArraySumTest" time="0.569"/>
</testsuite>